<?xml version="1.0" encoding="UTF-8"?>
<coverage generated="1623343417079" clover="3.2.0">
  <project timestamp="1623343417079" name="All files">
    <metrics statements="113" coveredstatements="113" conditionals="40" coveredconditionals="40" methods="45" coveredmethods="45" elements="198" coveredelements="198" complexity="0" loc="113" ncloc="113" packages="5" files="13" classes="13"/>
    <package name="store">
      <metrics statements="3" coveredstatements="3" conditionals="0" coveredconditionals="0" methods="2" coveredmethods="2"/>
      <file name="index.js" path="C:\Users\artur\Desktop\3T\es3\redux-react-villains-2021-ap\src\store\index.js">
        <metrics statements="3" coveredstatements="3" conditionals="0" coveredconditionals="0" methods="2" coveredmethods="2"/>
        <line num="8" count="17" type="stmt"/>
        <line num="13" count="270" type="stmt"/>
        <line num="17" count="66" type="stmt"/>
      </file>
    </package>
    <package name="store.assignments">
      <metrics statements="47" coveredstatements="47" conditionals="18" coveredconditionals="18" methods="16" coveredmethods="16"/>
      <file name="actions.js" path="C:\Users\artur\Desktop\3T\es3\redux-react-villains-2021-ap\src\store\assignments\actions.js">
        <metrics statements="4" coveredstatements="4" conditionals="0" coveredconditionals="0" methods="2" coveredmethods="2"/>
        <line num="1" count="19" type="stmt"/>
        <line num="2" count="19" type="stmt"/>
        <line num="3" count="62" type="stmt"/>
        <line num="4" count="4" type="stmt"/>
      </file>
      <file name="reducers.js" path="C:\Users\artur\Desktop\3T\es3\redux-react-villains-2021-ap\src\store\assignments\reducers.js">
        <metrics statements="20" coveredstatements="20" conditionals="12" coveredconditionals="12" methods="4" coveredmethods="4"/>
        <line num="2" count="17" type="stmt"/>
        <line num="5" count="270" type="cond" truecount="3" falsecount="0"/>
        <line num="7" count="61" type="stmt"/>
        <line num="9" count="3" type="stmt"/>
        <line num="12" count="206" type="stmt"/>
        <line num="18" count="61" type="stmt"/>
        <line num="19" count="61" type="stmt"/>
        <line num="20" count="126" type="cond" truecount="4" falsecount="0"/>
        <line num="21" count="2" type="stmt"/>
        <line num="25" count="61" type="cond" truecount="2" falsecount="0"/>
        <line num="26" count="59" type="stmt"/>
        <line num="27" count="59" type="stmt"/>
        <line num="28" count="59" type="stmt"/>
        <line num="30" count="2" type="stmt"/>
        <line num="36" count="3" type="stmt"/>
        <line num="37" count="3" type="cond" truecount="2" falsecount="0"/>
        <line num="38" count="1" type="stmt"/>
        <line num="39" count="1" type="stmt"/>
        <line num="40" count="1" type="stmt"/>
        <line num="42" count="2" type="stmt"/>
      </file>
      <file name="selectors.js" path="C:\Users\artur\Desktop\3T\es3\redux-react-villains-2021-ap\src\store\assignments\selectors.js">
        <metrics statements="23" coveredstatements="23" conditionals="6" coveredconditionals="6" methods="10" coveredmethods="10"/>
        <line num="5" count="12" type="stmt"/>
        <line num="9" count="11" type="stmt"/>
        <line num="14" count="4" type="stmt"/>
        <line num="15" count="4" type="stmt"/>
        <line num="17" count="5" type="stmt"/>
        <line num="19" count="15" type="cond" truecount="2" falsecount="0"/>
        <line num="20" count="7" type="stmt"/>
        <line num="21" count="7" type="stmt"/>
        <line num="25" count="5" type="stmt"/>
        <line num="30" count="5" type="stmt"/>
        <line num="31" count="5" type="stmt"/>
        <line num="33" count="6" type="stmt"/>
        <line num="35" count="42" type="cond" truecount="2" falsecount="0"/>
        <line num="36" count="11" type="stmt"/>
        <line num="37" count="11" type="stmt"/>
        <line num="40" count="11" type="stmt"/>
        <line num="41" count="11" type="stmt"/>
        <line num="44" count="11" type="cond" truecount="2" falsecount="0"/>
        <line num="45" count="3" type="stmt"/>
        <line num="47" count="3" type="stmt"/>
        <line num="51" count="8" type="stmt"/>
        <line num="57" count="6" type="stmt"/>
        <line num="65" count="11" type="stmt"/>
      </file>
    </package>
    <package name="store.schemes">
      <metrics statements="17" coveredstatements="17" conditionals="5" coveredconditionals="5" methods="8" coveredmethods="8"/>
      <file name="actions.js" path="C:\Users\artur\Desktop\3T\es3\redux-react-villains-2021-ap\src\store\schemes\actions.js">
        <metrics statements="2" coveredstatements="2" conditionals="0" coveredconditionals="0" methods="1" coveredmethods="1"/>
        <line num="1" count="18" type="stmt"/>
        <line num="2" count="18" type="stmt"/>
      </file>
      <file name="reducers.js" path="C:\Users\artur\Desktop\3T\es3\redux-react-villains-2021-ap\src\store\schemes\reducers.js">
        <metrics statements="7" coveredstatements="7" conditionals="3" coveredconditionals="3" methods="2" coveredmethods="2"/>
        <line num="2" count="17" type="stmt"/>
        <line num="5" count="270" type="cond" truecount="2" falsecount="0"/>
        <line num="7" count="17" type="stmt"/>
        <line num="10" count="253" type="stmt"/>
        <line num="15" count="17" type="stmt"/>
        <line num="16" count="17" type="stmt"/>
        <line num="17" count="17" type="stmt"/>
      </file>
      <file name="selectors.js" path="C:\Users\artur\Desktop\3T\es3\redux-react-villains-2021-ap\src\store\schemes\selectors.js">
        <metrics statements="8" coveredstatements="8" conditionals="2" coveredconditionals="2" methods="5" coveredmethods="5"/>
        <line num="4" count="6" type="stmt"/>
        <line num="7" count="5" type="stmt"/>
        <line num="8" count="4" type="stmt"/>
        <line num="9" count="4" type="stmt"/>
        <line num="10" count="8" type="cond" truecount="2" falsecount="0"/>
        <line num="11" count="3" type="stmt"/>
        <line num="14" count="4" type="stmt"/>
        <line num="19" count="5" type="stmt"/>
      </file>
    </package>
    <package name="store.views">
      <metrics statements="22" coveredstatements="22" conditionals="8" coveredconditionals="8" methods="8" coveredmethods="8"/>
      <file name="actions.js" path="C:\Users\artur\Desktop\3T\es3\redux-react-villains-2021-ap\src\store\views\actions.js">
        <metrics statements="4" coveredstatements="4" conditionals="0" coveredconditionals="0" methods="2" coveredmethods="2"/>
        <line num="1" count="20" type="stmt"/>
        <line num="2" count="20" type="stmt"/>
        <line num="4" count="12" type="stmt"/>
        <line num="5" count="6" type="stmt"/>
      </file>
      <file name="reducers.js" path="C:\Users\artur\Desktop\3T\es3\redux-react-villains-2021-ap\src\store\views\reducers.js">
        <metrics statements="13" coveredstatements="13" conditionals="6" coveredconditionals="6" methods="3" coveredmethods="3"/>
        <line num="2" count="18" type="stmt"/>
        <line num="6" count="274" type="cond" truecount="3" falsecount="0"/>
        <line num="8" count="7" type="stmt"/>
        <line num="10" count="4" type="stmt"/>
        <line num="12" count="263" type="stmt"/>
        <line num="16" count="7" type="stmt"/>
        <line num="17" count="7" type="stmt"/>
        <line num="18" count="7" type="stmt"/>
        <line num="23" count="4" type="cond" truecount="2" falsecount="0"/>
        <line num="24" count="2" type="stmt"/>
        <line num="25" count="2" type="stmt"/>
        <line num="26" count="2" type="stmt"/>
        <line num="29" count="2" type="stmt"/>
      </file>
      <file name="selectors.js" path="C:\Users\artur\Desktop\3T\es3\redux-react-villains-2021-ap\src\store\views\selectors.js">
        <metrics statements="5" coveredstatements="5" conditionals="2" coveredconditionals="2" methods="3" coveredmethods="3"/>
        <line num="1" count="1" type="stmt"/>
        <line num="2" count="2" type="stmt"/>
        <line num="4" count="2" type="cond" truecount="2" falsecount="0"/>
        <line num="5" count="1" type="stmt"/>
        <line num="6" count="1" type="stmt"/>
      </file>
    </package>
    <package name="store.villains">
      <metrics statements="24" coveredstatements="24" conditionals="9" coveredconditionals="9" methods="11" coveredmethods="11"/>
      <file name="actions.js" path="C:\Users\artur\Desktop\3T\es3\redux-react-villains-2021-ap\src\store\villains\actions.js">
        <metrics statements="2" coveredstatements="2" conditionals="0" coveredconditionals="0" methods="1" coveredmethods="1"/>
        <line num="1" count="18" type="stmt"/>
        <line num="2" count="78" type="stmt"/>
      </file>
      <file name="reducers.js" path="C:\Users\artur\Desktop\3T\es3\redux-react-villains-2021-ap\src\store\villains\reducers.js">
        <metrics statements="7" coveredstatements="7" conditionals="3" coveredconditionals="3" methods="2" coveredmethods="2"/>
        <line num="2" count="17" type="stmt"/>
        <line num="4" count="270" type="cond" truecount="2" falsecount="0"/>
        <line num="6" count="77" type="stmt"/>
        <line num="8" count="193" type="stmt"/>
        <line num="12" count="77" type="stmt"/>
        <line num="13" count="77" type="stmt"/>
        <line num="14" count="77" type="stmt"/>
      </file>
      <file name="selectors.js" path="C:\Users\artur\Desktop\3T\es3\redux-react-villains-2021-ap\src\store\villains\selectors.js">
        <metrics statements="15" coveredstatements="15" conditionals="6" coveredconditionals="6" methods="8" coveredmethods="8"/>
        <line num="4" count="32" type="stmt"/>
        <line num="7" count="23" type="stmt"/>
        <line num="8" count="22" type="stmt"/>
        <line num="9" count="22" type="stmt"/>
        <line num="10" count="77" type="cond" truecount="2" falsecount="0"/>
        <line num="11" count="21" type="stmt"/>
        <line num="14" count="22" type="stmt"/>
        <line num="19" count="31" type="stmt"/>
        <line num="22" count="8" type="stmt"/>
        <line num="23" count="7" type="cond" truecount="2" falsecount="0"/>
        <line num="24" count="5" type="stmt"/>
        <line num="25" count="5" type="stmt"/>
        <line num="26" count="15" type="cond" truecount="2" falsecount="0"/>
        <line num="27" count="6" type="stmt"/>
        <line num="30" count="5" type="stmt"/>
      </file>
    </package>
  </project>
</coverage>
