{"C:\\Users\\artur\\Desktop\\3T\\es3\\redux-react-villains-2021-ap\\src\\store\\index.js": {"path":"C:\\Users\\artur\\Desktop\\3T\\es3\\redux-react-villains-2021-ap\\src\\store\\index.js","statementMap":{"0":{"start":{"line":8,"column":20},"end":{"line":14,"column":2}},"1":{"start":{"line":13,"column":18},"end":{"line":13,"column":28}},"2":{"start":{"line":17,"column":2},"end":{"line":17,"column":72}}},"fnMap":{"0":{"name":"(anonymous_0)","decl":{"start":{"line":13,"column":12},"end":{"line":13,"column":13}},"loc":{"start":{"line":13,"column":18},"end":{"line":13,"column":28}},"line":13},"1":{"name":"createMainStore","decl":{"start":{"line":16,"column":16},"end":{"line":16,"column":31}},"loc":{"start":{"line":16,"column":50},"end":{"line":18,"column":1}},"line":16}},"branchMap":{},"s":{"0":17,"1":270,"2":66},"f":{"0":270,"1":66},"b":{},"_coverageSchema":"1a1c01bbd47fc00a2c39e90264f33305004495a9","hash":"e287d3049135501e4d78b27b44b24ff9529fb2cf"}
,"C:\\Users\\artur\\Desktop\\3T\\es3\\redux-react-villains-2021-ap\\src\\store\\assignments\\actions.js": {"path":"C:\\Users\\artur\\Desktop\\3T\\es3\\redux-react-villains-2021-ap\\src\\store\\assignments\\actions.js","statementMap":{"0":{"start":{"line":1,"column":32},"end":{"line":1,"column":62}},"1":{"start":{"line":2,"column":34},"end":{"line":2,"column":66}},"2":{"start":{"line":3,"column":45},"end":{"line":3,"column":88}},"3":{"start":{"line":4,"column":47},"end":{"line":4,"column":92}}},"fnMap":{"0":{"name":"assignmentAdded","decl":{"start":{"line":3,"column":16},"end":{"line":3,"column":31}},"loc":{"start":{"line":3,"column":44},"end":{"line":3,"column":89}},"line":3},"1":{"name":"assignmentRemoved","decl":{"start":{"line":4,"column":16},"end":{"line":4,"column":33}},"loc":{"start":{"line":4,"column":46},"end":{"line":4,"column":93}},"line":4}},"branchMap":{},"s":{"0":19,"1":19,"2":62,"3":4},"f":{"0":62,"1":4},"b":{},"_coverageSchema":"1a1c01bbd47fc00a2c39e90264f33305004495a9","hash":"2cdcde9c6c1a2090f9721d28c30e819701e372dc"}
,"C:\\Users\\artur\\Desktop\\3T\\es3\\redux-react-villains-2021-ap\\src\\store\\assignments\\reducers.js": {"path":"C:\\Users\\artur\\Desktop\\3T\\es3\\redux-react-villains-2021-ap\\src\\store\\assignments\\reducers.js","statementMap":{"0":{"start":{"line":2,"column":21},"end":{"line":2,"column":23}},"1":{"start":{"line":5,"column":2},"end":{"line":13,"column":3}},"2":{"start":{"line":7,"column":6},"end":{"line":7,"column":49}},"3":{"start":{"line":9,"column":6},"end":{"line":9,"column":51}},"4":{"start":{"line":12,"column":6},"end":{"line":12,"column":19}},"5":{"start":{"line":18,"column":15},"end":{"line":18,"column":20}},"6":{"start":{"line":19,"column":2},"end":{"line":23,"column":5}},"7":{"start":{"line":20,"column":4},"end":{"line":22,"column":5}},"8":{"start":{"line":21,"column":6},"end":{"line":21,"column":20}},"9":{"start":{"line":25,"column":2},"end":{"line":30,"column":20}},"10":{"start":{"line":26,"column":17},"end":{"line":26,"column":27}},"11":{"start":{"line":27,"column":4},"end":{"line":27,"column":33}},"12":{"start":{"line":28,"column":4},"end":{"line":28,"column":16}},"13":{"start":{"line":30,"column":7},"end":{"line":30,"column":20}},"14":{"start":{"line":36,"column":12},"end":{"line":36,"column":44}},"15":{"start":{"line":37,"column":0},"end":{"line":41,"column":1}},"16":{"start":{"line":38,"column":15},"end":{"line":38,"column":25}},"17":{"start":{"line":39,"column":2},"end":{"line":39,"column":24}},"18":{"start":{"line":40,"column":2},"end":{"line":40,"column":13}},"19":{"start":{"line":42,"column":0},"end":{"line":42,"column":12}}},"fnMap":{"0":{"name":"reduceAssignments","decl":{"start":{"line":4,"column":16},"end":{"line":4,"column":33}},"loc":{"start":{"line":4,"column":64},"end":{"line":15,"column":1}},"line":4},"1":{"name":"reduceAssignmentAdded","decl":{"start":{"line":16,"column":9},"end":{"line":16,"column":30}},"loc":{"start":{"line":16,"column":45},"end":{"line":32,"column":1}},"line":16},"2":{"name":"(anonymous_2)","decl":{"start":{"line":19,"column":16},"end":{"line":19,"column":17}},"loc":{"start":{"line":19,"column":30},"end":{"line":23,"column":3}},"line":19},"3":{"name":"reduceAssignmentRemoved","decl":{"start":{"line":34,"column":9},"end":{"line":34,"column":32}},"loc":{"start":{"line":34,"column":46},"end":{"line":43,"column":1}},"line":34}},"branchMap":{"0":{"loc":{"start":{"line":4,"column":34},"end":{"line":4,"column":54}},"type":"default-arg","locations":[{"start":{"line":4,"column":42},"end":{"line":4,"column":54}}],"line":4},"1":{"loc":{"start":{"line":5,"column":2},"end":{"line":13,"column":3}},"type":"switch","locations":[{"start":{"line":6,"column":4},"end":{"line":7,"column":49}},{"start":{"line":8,"column":4},"end":{"line":9,"column":51}},{"start":{"line":11,"column":4},"end":{"line":12,"column":19}}],"line":5},"2":{"loc":{"start":{"line":20,"column":4},"end":{"line":22,"column":5}},"type":"if","locations":[{"start":{"line":20,"column":4},"end":{"line":22,"column":5}},{"start":{"line":20,"column":4},"end":{"line":22,"column":5}}],"line":20},"3":{"loc":{"start":{"line":20,"column":7},"end":{"line":20,"column":104}},"type":"binary-expr","locations":[{"start":{"line":20,"column":7},"end":{"line":20,"column":54}},{"start":{"line":20,"column":59},"end":{"line":20,"column":104}}],"line":20},"4":{"loc":{"start":{"line":25,"column":2},"end":{"line":30,"column":20}},"type":"if","locations":[{"start":{"line":25,"column":2},"end":{"line":30,"column":20}},{"start":{"line":25,"column":2},"end":{"line":30,"column":20}}],"line":25},"5":{"loc":{"start":{"line":37,"column":0},"end":{"line":41,"column":1}},"type":"if","locations":[{"start":{"line":37,"column":0},"end":{"line":41,"column":1}},{"start":{"line":37,"column":0},"end":{"line":41,"column":1}}],"line":37}},"s":{"0":17,"1":270,"2":61,"3":3,"4":206,"5":61,"6":61,"7":126,"8":2,"9":61,"10":59,"11":59,"12":59,"13":2,"14":3,"15":3,"16":1,"17":1,"18":1,"19":2},"f":{"0":270,"1":61,"2":126,"3":3},"b":{"0":[100],"1":[61,3,206],"2":[2,124],"3":[126,18],"4":[59,2],"5":[1,2]},"_coverageSchema":"1a1c01bbd47fc00a2c39e90264f33305004495a9","hash":"163d1c9c52a5258be286c321f9d65dd1ceebb4fc"}
,"C:\\Users\\artur\\Desktop\\3T\\es3\\redux-react-villains-2021-ap\\src\\store\\assignments\\selectors.js": {"path":"C:\\Users\\artur\\Desktop\\3T\\es3\\redux-react-villains-2021-ap\\src\\store\\assignments\\selectors.js","statementMap":{"0":{"start":{"line":5,"column":2},"end":{"line":5,"column":31}},"1":{"start":{"line":9,"column":2},"end":{"line":9,"column":19}},"2":{"start":{"line":14,"column":17},"end":{"line":14,"column":19}},"3":{"start":{"line":15,"column":2},"end":{"line":27,"column":5}},"4":{"start":{"line":17,"column":4},"end":{"line":23,"column":7}},"5":{"start":{"line":19,"column":6},"end":{"line":22,"column":7}},"6":{"start":{"line":20,"column":36},"end":{"line":20,"column":61}},"7":{"start":{"line":21,"column":8},"end":{"line":21,"column":75}},"8":{"start":{"line":25,"column":4},"end":{"line":25,"column":20}},"9":{"start":{"line":30,"column":15},"end":{"line":30,"column":17}},"10":{"start":{"line":31,"column":2},"end":{"line":59,"column":5}},"11":{"start":{"line":33,"column":4},"end":{"line":55,"column":7}},"12":{"start":{"line":35,"column":6},"end":{"line":54,"column":7}},"13":{"start":{"line":36,"column":36},"end":{"line":36,"column":61}},"14":{"start":{"line":37,"column":18},"end":{"line":37,"column":69}},"15":{"start":{"line":40,"column":21},"end":{"line":42,"column":10}},"16":{"start":{"line":41,"column":10},"end":{"line":41,"column":38}},"17":{"start":{"line":44,"column":8},"end":{"line":52,"column":9}},"18":{"start":{"line":45,"column":22},"end":{"line":45,"column":44}},"19":{"start":{"line":47,"column":10},"end":{"line":47,"column":43}},"20":{"start":{"line":51,"column":10},"end":{"line":51,"column":59}},"21":{"start":{"line":57,"column":4},"end":{"line":57,"column":18}},"22":{"start":{"line":65,"column":2},"end":{"line":65,"column":19}}},"fnMap":{"0":{"name":"selectAssignments","decl":{"start":{"line":4,"column":16},"end":{"line":4,"column":33}},"loc":{"start":{"line":4,"column":45},"end":{"line":6,"column":1}},"line":4},"1":{"name":"selectMainState","decl":{"start":{"line":8,"column":16},"end":{"line":8,"column":31}},"loc":{"start":{"line":8,"column":43},"end":{"line":10,"column":1}},"line":8},"2":{"name":"makeSelectVillainsByAssignmentScheme","decl":{"start":{"line":13,"column":16},"end":{"line":13,"column":52}},"loc":{"start":{"line":13,"column":54},"end":{"line":28,"column":1}},"line":13},"3":{"name":"(anonymous_3)","decl":{"start":{"line":15,"column":74},"end":{"line":15,"column":75}},"loc":{"start":{"line":15,"column":114},"end":{"line":27,"column":3}},"line":15},"4":{"name":"(anonymous_4)","decl":{"start":{"line":17,"column":24},"end":{"line":17,"column":25}},"loc":{"start":{"line":17,"column":31},"end":{"line":23,"column":5}},"line":17},"5":{"name":"makeSelectPowersByScheme","decl":{"start":{"line":29,"column":16},"end":{"line":29,"column":40}},"loc":{"start":{"line":29,"column":42},"end":{"line":60,"column":1}},"line":29},"6":{"name":"(anonymous_6)","decl":{"start":{"line":31,"column":74},"end":{"line":31,"column":75}},"loc":{"start":{"line":31,"column":114},"end":{"line":59,"column":3}},"line":31},"7":{"name":"(anonymous_7)","decl":{"start":{"line":33,"column":24},"end":{"line":33,"column":25}},"loc":{"start":{"line":33,"column":31},"end":{"line":55,"column":5}},"line":33},"8":{"name":"(anonymous_8)","decl":{"start":{"line":40,"column":33},"end":{"line":40,"column":34}},"loc":{"start":{"line":40,"column":40},"end":{"line":42,"column":9}},"line":40},"9":{"name":"selectScheme","decl":{"start":{"line":64,"column":9},"end":{"line":64,"column":21}},"loc":{"start":{"line":64,"column":44},"end":{"line":66,"column":1}},"line":64}},"branchMap":{"0":{"loc":{"start":{"line":19,"column":6},"end":{"line":22,"column":7}},"type":"if","locations":[{"start":{"line":19,"column":6},"end":{"line":22,"column":7}},{"start":{"line":19,"column":6},"end":{"line":22,"column":7}}],"line":19},"1":{"loc":{"start":{"line":35,"column":6},"end":{"line":54,"column":7}},"type":"if","locations":[{"start":{"line":35,"column":6},"end":{"line":54,"column":7}},{"start":{"line":35,"column":6},"end":{"line":54,"column":7}}],"line":35},"2":{"loc":{"start":{"line":44,"column":8},"end":{"line":52,"column":9}},"type":"if","locations":[{"start":{"line":44,"column":8},"end":{"line":52,"column":9}},{"start":{"line":44,"column":8},"end":{"line":52,"column":9}}],"line":44}},"s":{"0":12,"1":11,"2":4,"3":4,"4":5,"5":15,"6":7,"7":7,"8":5,"9":5,"10":5,"11":6,"12":42,"13":11,"14":11,"15":11,"16":11,"17":11,"18":3,"19":3,"20":8,"21":6,"22":11},"f":{"0":12,"1":11,"2":4,"3":5,"4":15,"5":5,"6":6,"7":42,"8":11,"9":11},"b":{"0":[7,8],"1":[11,31],"2":[3,8]},"_coverageSchema":"1a1c01bbd47fc00a2c39e90264f33305004495a9","hash":"868b94bb3c1ce10904d0f812b2f02ab979a0b50e"}
,"C:\\Users\\artur\\Desktop\\3T\\es3\\redux-react-villains-2021-ap\\src\\store\\schemes\\actions.js": {"path":"C:\\Users\\artur\\Desktop\\3T\\es3\\redux-react-villains-2021-ap\\src\\store\\schemes\\actions.js","statementMap":{"0":{"start":{"line":1,"column":28},"end":{"line":1,"column":50}},"1":{"start":{"line":2,"column":37},"end":{"line":2,"column":72}}},"fnMap":{"0":{"name":"schemeAdded","decl":{"start":{"line":2,"column":16},"end":{"line":2,"column":27}},"loc":{"start":{"line":2,"column":36},"end":{"line":2,"column":73}},"line":2}},"branchMap":{},"s":{"0":18,"1":18},"f":{"0":18},"b":{},"_coverageSchema":"1a1c01bbd47fc00a2c39e90264f33305004495a9","hash":"0f59e96deaf164da319fb7a1af61e7266fc1f34d"}
,"C:\\Users\\artur\\Desktop\\3T\\es3\\redux-react-villains-2021-ap\\src\\store\\schemes\\reducers.js": {"path":"C:\\Users\\artur\\Desktop\\3T\\es3\\redux-react-villains-2021-ap\\src\\store\\schemes\\reducers.js","statementMap":{"0":{"start":{"line":2,"column":21},"end":{"line":2,"column":23}},"1":{"start":{"line":5,"column":2},"end":{"line":11,"column":3}},"2":{"start":{"line":7,"column":6},"end":{"line":7,"column":45}},"3":{"start":{"line":10,"column":6},"end":{"line":10,"column":19}},"4":{"start":{"line":15,"column":15},"end":{"line":15,"column":25}},"5":{"start":{"line":16,"column":2},"end":{"line":16,"column":27}},"6":{"start":{"line":17,"column":2},"end":{"line":17,"column":14}}},"fnMap":{"0":{"name":"reduceSchemes","decl":{"start":{"line":4,"column":16},"end":{"line":4,"column":29}},"loc":{"start":{"line":4,"column":60},"end":{"line":13,"column":1}},"line":4},"1":{"name":"reduceSchemeAdded","decl":{"start":{"line":14,"column":9},"end":{"line":14,"column":26}},"loc":{"start":{"line":14,"column":41},"end":{"line":18,"column":1}},"line":14}},"branchMap":{"0":{"loc":{"start":{"line":4,"column":30},"end":{"line":4,"column":50}},"type":"default-arg","locations":[{"start":{"line":4,"column":38},"end":{"line":4,"column":50}}],"line":4},"1":{"loc":{"start":{"line":5,"column":2},"end":{"line":11,"column":3}},"type":"switch","locations":[{"start":{"line":6,"column":4},"end":{"line":7,"column":45}},{"start":{"line":9,"column":4},"end":{"line":10,"column":19}}],"line":5}},"s":{"0":17,"1":270,"2":17,"3":253,"4":17,"5":17,"6":17},"f":{"0":270,"1":17},"b":{"0":[100],"1":[17,253]},"_coverageSchema":"1a1c01bbd47fc00a2c39e90264f33305004495a9","hash":"c3c6ca39c71fc073c2b52b3c4b73be6ae7d2bdfa"}
,"C:\\Users\\artur\\Desktop\\3T\\es3\\redux-react-villains-2021-ap\\src\\store\\schemes\\selectors.js": {"path":"C:\\Users\\artur\\Desktop\\3T\\es3\\redux-react-villains-2021-ap\\src\\store\\schemes\\selectors.js","statementMap":{"0":{"start":{"line":4,"column":2},"end":{"line":4,"column":27}},"1":{"start":{"line":7,"column":2},"end":{"line":15,"column":5}},"2":{"start":{"line":8,"column":14},"end":{"line":8,"column":18}},"3":{"start":{"line":9,"column":4},"end":{"line":13,"column":7}},"4":{"start":{"line":10,"column":6},"end":{"line":12,"column":7}},"5":{"start":{"line":11,"column":8},"end":{"line":11,"column":21}},"6":{"start":{"line":14,"column":4},"end":{"line":14,"column":15}},"7":{"start":{"line":19,"column":2},"end":{"line":19,"column":14}}},"fnMap":{"0":{"name":"selectSchemes","decl":{"start":{"line":3,"column":16},"end":{"line":3,"column":29}},"loc":{"start":{"line":3,"column":41},"end":{"line":5,"column":1}},"line":3},"1":{"name":"makeSelectSchemeByName","decl":{"start":{"line":6,"column":16},"end":{"line":6,"column":38}},"loc":{"start":{"line":6,"column":41},"end":{"line":16,"column":1}},"line":6},"2":{"name":"(anonymous_2)","decl":{"start":{"line":7,"column":58},"end":{"line":7,"column":59}},"loc":{"start":{"line":7,"column":77},"end":{"line":15,"column":3}},"line":7},"3":{"name":"(anonymous_3)","decl":{"start":{"line":9,"column":20},"end":{"line":9,"column":21}},"loc":{"start":{"line":9,"column":32},"end":{"line":13,"column":5}},"line":9},"4":{"name":"selectOptionsName","decl":{"start":{"line":18,"column":9},"end":{"line":18,"column":26}},"loc":{"start":{"line":18,"column":48},"end":{"line":20,"column":1}},"line":18}},"branchMap":{"0":{"loc":{"start":{"line":10,"column":6},"end":{"line":12,"column":7}},"type":"if","locations":[{"start":{"line":10,"column":6},"end":{"line":12,"column":7}},{"start":{"line":10,"column":6},"end":{"line":12,"column":7}}],"line":10}},"s":{"0":6,"1":5,"2":4,"3":4,"4":8,"5":3,"6":4,"7":5},"f":{"0":6,"1":5,"2":4,"3":8,"4":5},"b":{"0":[3,5]},"_coverageSchema":"1a1c01bbd47fc00a2c39e90264f33305004495a9","hash":"4a693807caa2d42bc3d5e67b2f336a2f0fc81121"}
,"C:\\Users\\artur\\Desktop\\3T\\es3\\redux-react-villains-2021-ap\\src\\store\\views\\actions.js": {"path":"C:\\Users\\artur\\Desktop\\3T\\es3\\redux-react-villains-2021-ap\\src\\store\\views\\actions.js","statementMap":{"0":{"start":{"line":1,"column":27},"end":{"line":1,"column":46}},"1":{"start":{"line":2,"column":27},"end":{"line":2,"column":46}},"2":{"start":{"line":4,"column":37},"end":{"line":4,"column":74}},"3":{"start":{"line":5,"column":30},"end":{"line":5,"column":58}}},"fnMap":{"0":{"name":"viewPushed","decl":{"start":{"line":4,"column":16},"end":{"line":4,"column":26}},"loc":{"start":{"line":4,"column":36},"end":{"line":4,"column":75}},"line":4},"1":{"name":"viewPopped","decl":{"start":{"line":5,"column":16},"end":{"line":5,"column":26}},"loc":{"start":{"line":5,"column":29},"end":{"line":5,"column":59}},"line":5}},"branchMap":{},"s":{"0":20,"1":20,"2":12,"3":6},"f":{"0":12,"1":6},"b":{},"_coverageSchema":"1a1c01bbd47fc00a2c39e90264f33305004495a9","hash":"e15adb11c646cdd3380edafb0731b000755d034e"}
,"C:\\Users\\artur\\Desktop\\3T\\es3\\redux-react-villains-2021-ap\\src\\store\\views\\reducers.js": {"path":"C:\\Users\\artur\\Desktop\\3T\\es3\\redux-react-villains-2021-ap\\src\\store\\views\\reducers.js","statementMap":{"0":{"start":{"line":2,"column":21},"end":{"line":2,"column":39}},"1":{"start":{"line":6,"column":2},"end":{"line":13,"column":3}},"2":{"start":{"line":8,"column":6},"end":{"line":8,"column":45}},"3":{"start":{"line":10,"column":6},"end":{"line":10,"column":37}},"4":{"start":{"line":12,"column":6},"end":{"line":12,"column":19}},"5":{"start":{"line":16,"column":15},"end":{"line":16,"column":25}},"6":{"start":{"line":17,"column":2},"end":{"line":17,"column":28}},"7":{"start":{"line":18,"column":2},"end":{"line":18,"column":14}},"8":{"start":{"line":23,"column":4},"end":{"line":30,"column":5}},"9":{"start":{"line":24,"column":21},"end":{"line":24,"column":31}},"10":{"start":{"line":25,"column":8},"end":{"line":25,"column":19}},"11":{"start":{"line":26,"column":8},"end":{"line":26,"column":20}},"12":{"start":{"line":29,"column":8},"end":{"line":29,"column":21}}},"fnMap":{"0":{"name":"reduceViews","decl":{"start":{"line":5,"column":16},"end":{"line":5,"column":27}},"loc":{"start":{"line":5,"column":58},"end":{"line":14,"column":1}},"line":5},"1":{"name":"reduceViewPushed","decl":{"start":{"line":15,"column":9},"end":{"line":15,"column":25}},"loc":{"start":{"line":15,"column":41},"end":{"line":19,"column":1}},"line":15},"2":{"name":"reduceViewPopped","decl":{"start":{"line":21,"column":9},"end":{"line":21,"column":25}},"loc":{"start":{"line":21,"column":32},"end":{"line":33,"column":3}},"line":21}},"branchMap":{"0":{"loc":{"start":{"line":5,"column":28},"end":{"line":5,"column":48}},"type":"default-arg","locations":[{"start":{"line":5,"column":36},"end":{"line":5,"column":48}}],"line":5},"1":{"loc":{"start":{"line":6,"column":2},"end":{"line":13,"column":3}},"type":"switch","locations":[{"start":{"line":7,"column":4},"end":{"line":8,"column":45}},{"start":{"line":9,"column":4},"end":{"line":10,"column":37}},{"start":{"line":11,"column":4},"end":{"line":12,"column":19}}],"line":6},"2":{"loc":{"start":{"line":23,"column":4},"end":{"line":30,"column":5}},"type":"if","locations":[{"start":{"line":23,"column":4},"end":{"line":30,"column":5}},{"start":{"line":23,"column":4},"end":{"line":30,"column":5}}],"line":23}},"s":{"0":18,"1":274,"2":7,"3":4,"4":263,"5":7,"6":7,"7":7,"8":4,"9":2,"10":2,"11":2,"12":2},"f":{"0":274,"1":7,"2":4},"b":{"0":[101],"1":[7,4,263],"2":[2,2]},"_coverageSchema":"1a1c01bbd47fc00a2c39e90264f33305004495a9","hash":"511b678fc7b0208a5bbedfcda2116af040403457"}
,"C:\\Users\\artur\\Desktop\\3T\\es3\\redux-react-villains-2021-ap\\src\\store\\views\\selectors.js": {"path":"C:\\Users\\artur\\Desktop\\3T\\es3\\redux-react-villains-2021-ap\\src\\store\\views\\selectors.js","statementMap":{"0":{"start":{"line":1,"column":40},"end":{"line":1,"column":62}},"1":{"start":{"line":2,"column":42},"end":{"line":2,"column":90}},"2":{"start":{"line":4,"column":2},"end":{"line":5,"column":16}},"3":{"start":{"line":5,"column":4},"end":{"line":5,"column":16}},"4":{"start":{"line":6,"column":2},"end":{"line":6,"column":13}}},"fnMap":{"0":{"name":"selectViews","decl":{"start":{"line":1,"column":16},"end":{"line":1,"column":27}},"loc":{"start":{"line":1,"column":39},"end":{"line":1,"column":63}},"line":1},"1":{"name":"selectTopView","decl":{"start":{"line":2,"column":16},"end":{"line":2,"column":29}},"loc":{"start":{"line":2,"column":41},"end":{"line":2,"column":91}},"line":2},"2":{"name":"selectHasViewBack","decl":{"start":{"line":3,"column":16},"end":{"line":3,"column":33}},"loc":{"start":{"line":3,"column":45},"end":{"line":8,"column":1}},"line":3}},"branchMap":{"0":{"loc":{"start":{"line":4,"column":2},"end":{"line":5,"column":16}},"type":"if","locations":[{"start":{"line":4,"column":2},"end":{"line":5,"column":16}},{"start":{"line":4,"column":2},"end":{"line":5,"column":16}}],"line":4}},"s":{"0":1,"1":2,"2":2,"3":1,"4":1},"f":{"0":1,"1":2,"2":2},"b":{"0":[1,1]},"_coverageSchema":"1a1c01bbd47fc00a2c39e90264f33305004495a9","hash":"60d5f8d253c6047fb1ab03f81c08da10672e0969"}
,"C:\\Users\\artur\\Desktop\\3T\\es3\\redux-react-villains-2021-ap\\src\\store\\villains\\actions.js": {"path":"C:\\Users\\artur\\Desktop\\3T\\es3\\redux-react-villains-2021-ap\\src\\store\\villains\\actions.js","statementMap":{"0":{"start":{"line":1,"column":29},"end":{"line":1,"column":53}},"1":{"start":{"line":2,"column":39},"end":{"line":2,"column":76}}},"fnMap":{"0":{"name":"villainAdded","decl":{"start":{"line":2,"column":16},"end":{"line":2,"column":28}},"loc":{"start":{"line":2,"column":38},"end":{"line":2,"column":77}},"line":2}},"branchMap":{},"s":{"0":18,"1":78},"f":{"0":78},"b":{},"_coverageSchema":"1a1c01bbd47fc00a2c39e90264f33305004495a9","hash":"1a1fe44a4b08c7ab9d7be658810f84abfad82d60"}
,"C:\\Users\\artur\\Desktop\\3T\\es3\\redux-react-villains-2021-ap\\src\\store\\villains\\reducers.js": {"path":"C:\\Users\\artur\\Desktop\\3T\\es3\\redux-react-villains-2021-ap\\src\\store\\villains\\reducers.js","statementMap":{"0":{"start":{"line":2,"column":21},"end":{"line":2,"column":23}},"1":{"start":{"line":4,"column":2},"end":{"line":9,"column":3}},"2":{"start":{"line":6,"column":6},"end":{"line":6,"column":47}},"3":{"start":{"line":8,"column":6},"end":{"line":8,"column":19}},"4":{"start":{"line":12,"column":17},"end":{"line":12,"column":27}},"5":{"start":{"line":13,"column":4},"end":{"line":13,"column":30}},"6":{"start":{"line":14,"column":4},"end":{"line":14,"column":16}}},"fnMap":{"0":{"name":"reduceVillains","decl":{"start":{"line":3,"column":16},"end":{"line":3,"column":30}},"loc":{"start":{"line":3,"column":59},"end":{"line":10,"column":1}},"line":3},"1":{"name":"reduceVillainAdded","decl":{"start":{"line":11,"column":9},"end":{"line":11,"column":27}},"loc":{"start":{"line":11,"column":42},"end":{"line":15,"column":1}},"line":11}},"branchMap":{"0":{"loc":{"start":{"line":3,"column":31},"end":{"line":3,"column":51}},"type":"default-arg","locations":[{"start":{"line":3,"column":39},"end":{"line":3,"column":51}}],"line":3},"1":{"loc":{"start":{"line":4,"column":2},"end":{"line":9,"column":3}},"type":"switch","locations":[{"start":{"line":5,"column":4},"end":{"line":6,"column":47}},{"start":{"line":7,"column":4},"end":{"line":8,"column":19}}],"line":4}},"s":{"0":17,"1":270,"2":77,"3":193,"4":77,"5":77,"6":77},"f":{"0":270,"1":77},"b":{"0":[100],"1":[77,193]},"_coverageSchema":"1a1c01bbd47fc00a2c39e90264f33305004495a9","hash":"a37d957f23dbb60f5c8f4b4df342fd8e2c8ce114"}
,"C:\\Users\\artur\\Desktop\\3T\\es3\\redux-react-villains-2021-ap\\src\\store\\villains\\selectors.js": {"path":"C:\\Users\\artur\\Desktop\\3T\\es3\\redux-react-villains-2021-ap\\src\\store\\villains\\selectors.js","statementMap":{"0":{"start":{"line":4,"column":2},"end":{"line":4,"column":28}},"1":{"start":{"line":7,"column":2},"end":{"line":15,"column":5}},"2":{"start":{"line":8,"column":14},"end":{"line":8,"column":18}},"3":{"start":{"line":9,"column":4},"end":{"line":13,"column":7}},"4":{"start":{"line":10,"column":6},"end":{"line":12,"column":7}},"5":{"start":{"line":11,"column":8},"end":{"line":11,"column":22}},"6":{"start":{"line":14,"column":4},"end":{"line":14,"column":15}},"7":{"start":{"line":19,"column":2},"end":{"line":19,"column":14}},"8":{"start":{"line":22,"column":2},"end":{"line":31,"column":5}},"9":{"start":{"line":23,"column":4},"end":{"line":23,"column":36}},"10":{"start":{"line":23,"column":20},"end":{"line":23,"column":36}},"11":{"start":{"line":24,"column":14},"end":{"line":24,"column":16}},"12":{"start":{"line":25,"column":4},"end":{"line":29,"column":7}},"13":{"start":{"line":26,"column":6},"end":{"line":28,"column":7}},"14":{"start":{"line":27,"column":8},"end":{"line":27,"column":26}},"15":{"start":{"line":30,"column":4},"end":{"line":30,"column":15}}},"fnMap":{"0":{"name":"selectVillains","decl":{"start":{"line":3,"column":16},"end":{"line":3,"column":30}},"loc":{"start":{"line":3,"column":42},"end":{"line":5,"column":1}},"line":3},"1":{"name":"makeSelectVillainByName","decl":{"start":{"line":6,"column":16},"end":{"line":6,"column":39}},"loc":{"start":{"line":6,"column":42},"end":{"line":16,"column":1}},"line":6},"2":{"name":"(anonymous_2)","decl":{"start":{"line":7,"column":59},"end":{"line":7,"column":60}},"loc":{"start":{"line":7,"column":79},"end":{"line":15,"column":3}},"line":7},"3":{"name":"(anonymous_3)","decl":{"start":{"line":9,"column":21},"end":{"line":9,"column":22}},"loc":{"start":{"line":9,"column":34},"end":{"line":13,"column":5}},"line":9},"4":{"name":"selectOptionsName","decl":{"start":{"line":18,"column":9},"end":{"line":18,"column":26}},"loc":{"start":{"line":18,"column":48},"end":{"line":20,"column":1}},"line":18},"5":{"name":"makeSelectVillainsByNameLike","decl":{"start":{"line":21,"column":16},"end":{"line":21,"column":44}},"loc":{"start":{"line":21,"column":47},"end":{"line":32,"column":1}},"line":21},"6":{"name":"(anonymous_6)","decl":{"start":{"line":22,"column":59},"end":{"line":22,"column":60}},"loc":{"start":{"line":22,"column":79},"end":{"line":31,"column":3}},"line":22},"7":{"name":"(anonymous_7)","decl":{"start":{"line":25,"column":21},"end":{"line":25,"column":22}},"loc":{"start":{"line":25,"column":34},"end":{"line":29,"column":5}},"line":25}},"branchMap":{"0":{"loc":{"start":{"line":10,"column":6},"end":{"line":12,"column":7}},"type":"if","locations":[{"start":{"line":10,"column":6},"end":{"line":12,"column":7}},{"start":{"line":10,"column":6},"end":{"line":12,"column":7}}],"line":10},"1":{"loc":{"start":{"line":23,"column":4},"end":{"line":23,"column":36}},"type":"if","locations":[{"start":{"line":23,"column":4},"end":{"line":23,"column":36}},{"start":{"line":23,"column":4},"end":{"line":23,"column":36}}],"line":23},"2":{"loc":{"start":{"line":26,"column":6},"end":{"line":28,"column":7}},"type":"if","locations":[{"start":{"line":26,"column":6},"end":{"line":28,"column":7}},{"start":{"line":26,"column":6},"end":{"line":28,"column":7}}],"line":26}},"s":{"0":32,"1":23,"2":22,"3":22,"4":77,"5":21,"6":22,"7":31,"8":8,"9":7,"10":2,"11":5,"12":5,"13":15,"14":6,"15":5},"f":{"0":32,"1":23,"2":22,"3":77,"4":31,"5":8,"6":7,"7":15},"b":{"0":[21,56],"1":[2,5],"2":[6,9]},"_coverageSchema":"1a1c01bbd47fc00a2c39e90264f33305004495a9","hash":"ec432802ce55696552166b275b873a2354af18f2"}
}
