TN:
SF:src\store\index.js
FN:13,(anonymous_0)
FN:16,createMainStore
FNF:2
FNH:2
FNDA:270,(anonymous_0)
FNDA:66,createMainStore
DA:8,17
DA:13,270
DA:17,66
LF:3
LH:3
BRF:0
BRH:0
end_of_record
TN:
SF:src\store\assignments\actions.js
FN:3,assignmentAdded
FN:4,assignmentRemoved
FNF:2
FNH:2
FNDA:62,assignmentAdded
FNDA:4,assignmentRemoved
DA:1,19
DA:2,19
DA:3,62
DA:4,4
LF:4
LH:4
BRF:0
BRH:0
end_of_record
TN:
SF:src\store\assignments\reducers.js
FN:4,reduceAssignments
FN:16,reduceAssignmentAdded
FN:19,(anonymous_2)
FN:34,reduceAssignmentRemoved
FNF:4
FNH:4
FNDA:270,reduceAssignments
FNDA:61,reduceAssignmentAdded
FNDA:126,(anonymous_2)
FNDA:3,reduceAssignmentRemoved
DA:2,17
DA:5,270
DA:7,61
DA:9,3
DA:12,206
DA:18,61
DA:19,61
DA:20,126
DA:21,2
DA:25,61
DA:26,59
DA:27,59
DA:28,59
DA:30,2
DA:36,3
DA:37,3
DA:38,1
DA:39,1
DA:40,1
DA:42,2
LF:20
LH:20
BRDA:4,0,0,100
BRDA:5,1,0,61
BRDA:5,1,1,3
BRDA:5,1,2,206
BRDA:20,2,0,2
BRDA:20,2,1,124
BRDA:20,3,0,126
BRDA:20,3,1,18
BRDA:25,4,0,59
BRDA:25,4,1,2
BRDA:37,5,0,1
BRDA:37,5,1,2
BRF:12
BRH:12
end_of_record
TN:
SF:src\store\assignments\selectors.js
FN:4,selectAssignments
FN:8,selectMainState
FN:13,makeSelectVillainsByAssignmentScheme
FN:15,(anonymous_3)
FN:17,(anonymous_4)
FN:29,makeSelectPowersByScheme
FN:31,(anonymous_6)
FN:33,(anonymous_7)
FN:40,(anonymous_8)
FN:64,selectScheme
FNF:10
FNH:10
FNDA:12,selectAssignments
FNDA:11,selectMainState
FNDA:4,makeSelectVillainsByAssignmentScheme
FNDA:5,(anonymous_3)
FNDA:15,(anonymous_4)
FNDA:5,makeSelectPowersByScheme
FNDA:6,(anonymous_6)
FNDA:42,(anonymous_7)
FNDA:11,(anonymous_8)
FNDA:11,selectScheme
DA:5,12
DA:9,11
DA:14,4
DA:15,4
DA:17,5
DA:19,15
DA:20,7
DA:21,7
DA:25,5
DA:30,5
DA:31,5
DA:33,6
DA:35,42
DA:36,11
DA:37,11
DA:40,11
DA:41,11
DA:44,11
DA:45,3
DA:47,3
DA:51,8
DA:57,6
DA:65,11
LF:23
LH:23
BRDA:19,0,0,7
BRDA:19,0,1,8
BRDA:35,1,0,11
BRDA:35,1,1,31
BRDA:44,2,0,3
BRDA:44,2,1,8
BRF:6
BRH:6
end_of_record
TN:
SF:src\store\schemes\actions.js
FN:2,schemeAdded
FNF:1
FNH:1
FNDA:18,schemeAdded
DA:1,18
DA:2,18
LF:2
LH:2
BRF:0
BRH:0
end_of_record
TN:
SF:src\store\schemes\reducers.js
FN:4,reduceSchemes
FN:14,reduceSchemeAdded
FNF:2
FNH:2
FNDA:270,reduceSchemes
FNDA:17,reduceSchemeAdded
DA:2,17
DA:5,270
DA:7,17
DA:10,253
DA:15,17
DA:16,17
DA:17,17
LF:7
LH:7
BRDA:4,0,0,100
BRDA:5,1,0,17
BRDA:5,1,1,253
BRF:3
BRH:3
end_of_record
TN:
SF:src\store\schemes\selectors.js
FN:3,selectSchemes
FN:6,makeSelectSchemeByName
FN:7,(anonymous_2)
FN:9,(anonymous_3)
FN:18,selectOptionsName
FNF:5
FNH:5
FNDA:6,selectSchemes
FNDA:5,makeSelectSchemeByName
FNDA:4,(anonymous_2)
FNDA:8,(anonymous_3)
FNDA:5,selectOptionsName
DA:4,6
DA:7,5
DA:8,4
DA:9,4
DA:10,8
DA:11,3
DA:14,4
DA:19,5
LF:8
LH:8
BRDA:10,0,0,3
BRDA:10,0,1,5
BRF:2
BRH:2
end_of_record
TN:
SF:src\store\views\actions.js
FN:4,viewPushed
FN:5,viewPopped
FNF:2
FNH:2
FNDA:12,viewPushed
FNDA:6,viewPopped
DA:1,20
DA:2,20
DA:4,12
DA:5,6
LF:4
LH:4
BRF:0
BRH:0
end_of_record
TN:
SF:src\store\views\reducers.js
FN:5,reduceViews
FN:15,reduceViewPushed
FN:21,reduceViewPopped
FNF:3
FNH:3
FNDA:274,reduceViews
FNDA:7,reduceViewPushed
FNDA:4,reduceViewPopped
DA:2,18
DA:6,274
DA:8,7
DA:10,4
DA:12,263
DA:16,7
DA:17,7
DA:18,7
DA:23,4
DA:24,2
DA:25,2
DA:26,2
DA:29,2
LF:13
LH:13
BRDA:5,0,0,101
BRDA:6,1,0,7
BRDA:6,1,1,4
BRDA:6,1,2,263
BRDA:23,2,0,2
BRDA:23,2,1,2
BRF:6
BRH:6
end_of_record
TN:
SF:src\store\views\selectors.js
FN:1,selectViews
FN:2,selectTopView
FN:3,selectHasViewBack
FNF:3
FNH:3
FNDA:1,selectViews
FNDA:2,selectTopView
FNDA:2,selectHasViewBack
DA:1,1
DA:2,2
DA:4,2
DA:5,1
DA:6,1
LF:5
LH:5
BRDA:4,0,0,1
BRDA:4,0,1,1
BRF:2
BRH:2
end_of_record
TN:
SF:src\store\villains\actions.js
FN:2,villainAdded
FNF:1
FNH:1
FNDA:78,villainAdded
DA:1,18
DA:2,78
LF:2
LH:2
BRF:0
BRH:0
end_of_record
TN:
SF:src\store\villains\reducers.js
FN:3,reduceVillains
FN:11,reduceVillainAdded
FNF:2
FNH:2
FNDA:270,reduceVillains
FNDA:77,reduceVillainAdded
DA:2,17
DA:4,270
DA:6,77
DA:8,193
DA:12,77
DA:13,77
DA:14,77
LF:7
LH:7
BRDA:3,0,0,100
BRDA:4,1,0,77
BRDA:4,1,1,193
BRF:3
BRH:3
end_of_record
TN:
SF:src\store\villains\selectors.js
FN:3,selectVillains
FN:6,makeSelectVillainByName
FN:7,(anonymous_2)
FN:9,(anonymous_3)
FN:18,selectOptionsName
FN:21,makeSelectVillainsByNameLike
FN:22,(anonymous_6)
FN:25,(anonymous_7)
FNF:8
FNH:8
FNDA:32,selectVillains
FNDA:23,makeSelectVillainByName
FNDA:22,(anonymous_2)
FNDA:77,(anonymous_3)
FNDA:31,selectOptionsName
FNDA:8,makeSelectVillainsByNameLike
FNDA:7,(anonymous_6)
FNDA:15,(anonymous_7)
DA:4,32
DA:7,23
DA:8,22
DA:9,22
DA:10,77
DA:11,21
DA:14,22
DA:19,31
DA:22,8
DA:23,7
DA:24,5
DA:25,5
DA:26,15
DA:27,6
DA:30,5
LF:15
LH:15
BRDA:10,0,0,21
BRDA:10,0,1,56
BRDA:23,1,0,2
BRDA:23,1,1,5
BRDA:26,2,0,6
BRDA:26,2,1,9
BRF:6
BRH:6
end_of_record
